<?xml version="1.0" encoding="UTF-8"?>
<!-- Generated by org.testng.reporters.JUnitReportReporter -->
<testsuite hostname="balaji" failures="0" tests="1" name="com.opencart.testCase.TC_008_ProductDisplayPage" time="86.319" errors="0" timestamp="2024-10-26T20:18:38 IST" skipped="0">
  <testcase classname="com.opencart.testCase.TC_008_ProductDisplayPage" name="test_productdisplay" time="86.319"/>
</testsuite> <!-- com.opencart.testCase.TC_008_ProductDisplayPage -->
