<?xml version="1.0" encoding="UTF-8"?>
<!-- Generated by org.testng.reporters.JUnitReportReporter -->
<testsuite hostname="balaji" failures="0" tests="1" name="com.amazon.test.login" time="41.691" errors="0" timestamp="2024-09-29T21:56:32 IST" skipped="0">
  <testcase classname="com.amazon.test.login" name="sigin" time="41.691"/>
</testsuite> <!-- com.amazon.test.login -->
