<?xml version="1.0" encoding="UTF-8"?>
<!-- Generated by org.testng.reporters.JUnitReportReporter -->
<testsuite hostname="balaji" failures="0" tests="1" name="com.opencart.testCase.TC_005_Addcart" time="158.855" errors="0" timestamp="2024-10-26T20:18:38 IST" skipped="0">
  <testcase classname="com.opencart.testCase.TC_005_Addcart" name="test_addcart" time="158.855"/>
</testsuite> <!-- com.opencart.testCase.TC_005_Addcart -->
