<?xml version="1.0" encoding="UTF-8"?>
<!-- Generated by org.testng.reporters.JUnitReportReporter -->
<testsuite hostname="balaji" failures="0" tests="1" name="com.opencart.testCase.TC_007_WishList" time="73.276" errors="0" timestamp="2024-10-26T20:18:38 IST" skipped="0">
  <testcase classname="com.opencart.testCase.TC_007_WishList" name="test_wishlist" time="73.276"/>
</testsuite> <!-- com.opencart.testCase.TC_007_WishList -->
