<?xml version="1.0" encoding="UTF-8"?>
<!-- Generated by org.testng.reporters.JUnitReportReporter -->
<testsuite hostname="balaji" failures="0" tests="1" name="com.opencart.testCase.TC_006_ProductCompare" time="103.283" errors="0" timestamp="2024-10-26T20:18:37 IST" skipped="0">
  <testcase classname="com.opencart.testCase.TC_006_ProductCompare" name="testProductCompare" time="103.283"/>
</testsuite> <!-- com.opencart.testCase.TC_006_ProductCompare -->
