<?xml version="1.0" encoding="UTF-8"?>
<!-- Generated by org.testng.reporters.JUnitReportReporter -->
<testsuite hostname="balaji" failures="0" tests="1" name="com.opencart.testCase.TC_004Search" time="45.168" errors="0" timestamp="2024-10-26T20:18:38 IST" skipped="0">
  <testcase classname="com.opencart.testCase.TC_004Search" name="test_search" time="45.168"/>
</testsuite> <!-- com.opencart.testCase.TC_004Search -->
