<?xml version="1.0" encoding="UTF-8"?>
<!-- Generated by org.testng.reporters.JUnitReportReporter -->
<testsuite hostname="balaji" failures="0" tests="1" name="com.opencart.testCase.TC_009_ForgotPassword" time="26.250" errors="0" timestamp="2024-10-23T20:52:25 IST" skipped="0">
  <testcase classname="com.opencart.testCase.TC_009_ForgotPassword" name="test_forgotpassword" time="26.250"/>
</testsuite> <!-- com.opencart.testCase.TC_009_ForgotPassword -->
