<?xml version="1.0" encoding="UTF-8"?>
<!-- Generated by org.testng.reporters.JUnitReportReporter -->
<testsuite hostname="balaji" failures="0" tests="1" name="com.opencart.testCase.TC_loginTestDDT_002" time="0.024" errors="0" timestamp="2024-10-19T19:05:09 IST" skipped="0">
  <testcase classname="com.opencart.testCase.TC_loginTestDDT_002" name="loginDDT" time="0.024"/>
</testsuite> <!-- com.opencart.testCase.TC_loginTestDDT_002 -->
