<?xml version="1.0" encoding="UTF-8"?>
<!-- Generated by org.testng.reporters.JUnitReportReporter -->
<testsuite hostname="balaji" failures="0" tests="4" name="com.opencart.testCase.TC_003_LoginDDT" time="275.607" errors="0" timestamp="2024-10-26T20:18:38 IST" skipped="0">
  <testcase classname="com.opencart.testCase.TC_003_LoginDDT" name="test_LoginDDT" time="65.728"/>
  <testcase classname="com.opencart.testCase.TC_003_LoginDDT" name="test_LoginDDT" time="36.344"/>
  <testcase classname="com.opencart.testCase.TC_003_LoginDDT" name="test_LoginDDT" time="144.495"/>
  <testcase classname="com.opencart.testCase.TC_003_LoginDDT" name="test_LoginDDT" time="29.040"/>
</testsuite> <!-- com.opencart.testCase.TC_003_LoginDDT -->
