<?xml version="1.0" encoding="UTF-8"?>
<!-- Generated by org.testng.reporters.JUnitReportReporter -->
<testsuite hostname="balaji" failures="0" tests="1" name="com.opencart.testCase.TC_007_WishList" time="34.411" errors="0" timestamp="2024-10-24T19:48:30 IST" skipped="0">
  <testcase classname="com.opencart.testCase.TC_007_WishList" name="test_wishlist" time="34.411"/>
</testsuite> <!-- com.opencart.testCase.TC_007_WishList -->
