<?xml version="1.0" encoding="UTF-8"?>
<!-- Generated by org.testng.reporters.JUnitReportReporter -->
<testsuite hostname="balaji" failures="0" tests="1" name="com.opencart.testCase.TC_008_ProductDisplayPage" time="32.656" errors="0" timestamp="2024-10-24T18:56:37 IST" skipped="0">
  <testcase classname="com.opencart.testCase.TC_008_ProductDisplayPage" name="test_productdisplay" time="32.656"/>
</testsuite> <!-- com.opencart.testCase.TC_008_ProductDisplayPage -->
