<?xml version="1.0" encoding="UTF-8"?>
<!-- Generated by org.testng.reporters.JUnitReportReporter -->
<testsuite hostname="balaji" failures="0" tests="1" name="com.opencart.testCase.TC_005_Addcart" time="19.323" errors="0" timestamp="2024-10-24T18:56:37 IST" skipped="0">
  <testcase classname="com.opencart.testCase.TC_005_Addcart" name="test_addcart" time="19.323"/>
</testsuite> <!-- com.opencart.testCase.TC_005_Addcart -->
