<?xml version="1.0" encoding="UTF-8"?>
<!-- Generated by org.testng.reporters.JUnitReportReporter -->
<testsuite hostname="balaji" failures="0" tests="1" name="com.opencart.testCase.TC_002_Login" time="70.833" errors="0" timestamp="2024-10-20T15:52:59 IST" skipped="0">
  <testcase classname="com.opencart.testCase.TC_002_Login" name="test_Login" time="70.833"/>
</testsuite> <!-- com.opencart.testCase.TC_002_Login -->
