<?xml version="1.0" encoding="UTF-8"?>
<!-- Generated by org.testng.reporters.JUnitReportReporter -->
<testsuite hostname="balaji" failures="0" tests="4" name="com.opencart.testCase.TC_003_LoginDDT" time="131.451" errors="0" timestamp="2024-10-24T18:56:37 IST" skipped="0">
  <testcase classname="com.opencart.testCase.TC_003_LoginDDT" name="test_LoginDDT" time="27.163"/>
  <testcase classname="com.opencart.testCase.TC_003_LoginDDT" name="test_LoginDDT" time="18.311"/>
  <testcase classname="com.opencart.testCase.TC_003_LoginDDT" name="test_LoginDDT" time="58.109"/>
  <testcase classname="com.opencart.testCase.TC_003_LoginDDT" name="test_LoginDDT" time="27.868"/>
</testsuite> <!-- com.opencart.testCase.TC_003_LoginDDT -->
